app/proguard-rules.pro
# MediaKeys ProGuard rules
-keepattributes SourceFile,LineNumberTable
-keep class com.mediakeys.service.** { *; }
-keep class com.mediakeys.receiver.** { *; }
-dontwarn kotlin.**