app/build/outputs/mapping/release/seeds.txt
com.mediakeys.service.MediaKeyAccessibilityService
com.mediakeys.ui.gestures.GesturesFragment
com.mediakeys.ui.home.HomeFragment
com.mediakeys.service.MediaForegroundService$Companion
com.mediakeys.service.MediaKeyAccessibilityService$Companion
com.mediakeys.service.MediaForegroundService$setupMediaSession$1$1
com.mediakeys.service.MediaForegroundService
com.mediakeys.receiver.BootReceiver
com.mediakeys.ui.settings.SettingsFragment
com.mediakeys.MainActivity
com.mediakeys.service.MediaNotificationListenerService
com.mediakeys.service.MediaKeyAccessibilityService: java.lang.String ACTION_SERVICE_STATE_CHANGED
com.mediakeys.service.MediaKeyAccessibilityService: com.mediakeys.data.PreferencesManager prefs
com.mediakeys.service.MediaForegroundService: java.lang.String CHANNEL_ID
com.mediakeys.service.MediaForegroundService: android.support.v4.media.session.MediaSessionCompat mediaSession
com.mediakeys.service.MediaKeyAccessibilityService: java.lang.String EXTRA_RUNNING
com.mediakeys.service.MediaForegroundService: int NOTIFICATION_ID
com.mediakeys.service.MediaKeyAccessibilityService: com.mediakeys.service.MediaKeyAccessibilityService$Companion Companion
com.mediakeys.service.MediaKeyAccessibilityService: com.mediakeys.media.MediaSessionHelper mediaHelper
com.mediakeys.service.MediaForegroundService: com.mediakeys.service.MediaForegroundService$Companion Companion
com.mediakeys.service.MediaKeyAccessibilityService: com.mediakeys.gesture.GestureEngine gestureEngine
com.mediakeys.MainActivity: MainActivity()
com.mediakeys.ui.gestures.GesturesFragment: GesturesFragment()
com.mediakeys.service.MediaKeyAccessibilityService$Companion: MediaKeyAccessibilityService$Companion(kotlin.jvm.internal.DefaultConstructorMarker)
com.mediakeys.service.MediaForegroundService$setupMediaSession$1$1: void onPlay()
com.mediakeys.service.MediaForegroundService: void onCreate()
com.mediakeys.service.MediaKeyAccessibilityService$Companion: MediaKeyAccessibilityService$Companion()
com.mediakeys.ui.settings.SettingsFragment: SettingsFragment()
com.mediakeys.service.MediaNotificationListenerService: void onListenerDisconnected()
com.mediakeys.service.MediaForegroundService$setupMediaSession$1$1: MediaForegroundService$setupMediaSession$1$1()
com.mediakeys.service.MediaKeyAccessibilityService: void onDestroy()
com.mediakeys.service.MediaKeyAccessibilityService: void onGesture(java.lang.String)
com.mediakeys.service.MediaKeyAccessibilityService: void broadcastServiceState(boolean)
com.mediakeys.service.MediaForegroundService$setupMediaSession$1$1: void onPause()
com.mediakeys.service.MediaKeyAccessibilityService: MediaKeyAccessibilityService()
com.mediakeys.service.MediaKeyAccessibilityService: void onAccessibilityEvent(android.view.accessibility.AccessibilityEvent)
com.mediakeys.service.MediaForegroundService: void onDestroy()
com.mediakeys.service.MediaForegroundService: void createNotificationChannel()
com.mediakeys.service.MediaKeyAccessibilityService: void onServiceConnected()
com.mediakeys.ui.home.HomeFragment: HomeFragment()
com.mediakeys.service.MediaForegroundService: void setupMediaSession()
com.mediakeys.service.MediaForegroundService$Companion: MediaForegroundService$Companion(kotlin.jvm.internal.DefaultConstructorMarker)
com.mediakeys.service.MediaForegroundService: android.app.Notification buildNotification()
com.mediakeys.receiver.BootReceiver: void onReceive(android.content.Context,android.content.Intent)
com.mediakeys.service.MediaForegroundService: int onStartCommand(android.content.Intent,int,int)
com.mediakeys.service.MediaForegroundService$Companion: MediaForegroundService$Companion()
com.mediakeys.service.MediaForegroundService: MediaForegroundService()
com.mediakeys.service.MediaKeyAccessibilityService: boolean onKeyEvent(android.view.KeyEvent)
com.mediakeys.service.MediaNotificationListenerService: MediaNotificationListenerService()
com.mediakeys.service.MediaKeyAccessibilityService: void onInterrupt()
...
com.google.android.material.textfield.TextInputLayout: android.graphics.Typeface getTypeface()
androidx.core.view.accessibility.AccessibilityRecordCompat$Api16Impl: void setSource(android.view.accessibility.AccessibilityRecord,android.view.View,int)
android.support.v4.media.RatingCompat$Api19Impl: android.media.Rating newPercentageRating(float)
androidx.appcompat.widget.AppCompatCheckedTextView: android.view.ActionMode$Callback getCustomSelectionActionModeCallback()
androidx.appcompat.app.AppCompatActivity: void setContentView(android.view.View)
androidx.appcompat.widget.LinearLayoutCompat: int getDividerPadding()
androidx.appcompat.widget.AppCompatTextView: android.graphics.PorterDuff$Mode getSupportCompoundDrawablesTintMode()
com.google.android.material.snackbar.BaseTransientBottomBar$SnackbarBaseLayout: void setBackground(android.graphics.drawable.Drawable)
androidx.appcompat.widget.LinearLayoutCompat: void setDividerPadding(int)
android.support.v4.media.AudioAttributesImplBaseParcelizer: AudioAttributesImplBaseParcelizer()
androidx.appcompat.widget.MenuPopupWindow$MenuDropDownListView: void setHoverListener(androidx.appcompat.widget.MenuItemHoverListener)
com.google.android.material.textfield.TextInputLayout: int getMaxEms()
com.google.android.material.navigation.NavigationBarMenuView: int getLabelVisibilityMode()
com.google.android.material.slider.Slider: void setEnabled(boolean)
com.google.android.material.chip.Chip: void setCloseIconStartPadding(float)
androidx.core.view.ViewCompat$Api30Impl: int getImportantForContentCapture(android.view.View)
androidx.core.view.PointerIconCompat$Api24Impl: android.view.PointerIcon load(android.content.res.Resources,int)
com.google.android.material.button.MaterialButton: void setStrokeWidthResource(int)
com.google.android.material.navigation.NavigationBarItemView: void setIconSize(int)
com.google.android.material.card.MaterialCardView: int getContentPaddingRight()
androidx.core.widget.PopupWindowCompat$Api23Impl: void setOverlapAnchor(android.widget.PopupWindow,boolean)
androidx.core.content.res.FontResourcesParserCompat$Api21Impl: int getType(android.content.res.TypedArray,int)
androidx.appcompat.widget.ButtonBarLayout: void setStacked(boolean)
androidx.appcompat.widget.FitWindowsLinearLayout: FitWindowsLinearLayout(android.content.Context,android.util.AttributeSet)
com.google.android.material.divider.MaterialDivider: void setDividerThicknessResource(int)
androidx.core.view.ViewCompat$Api19Impl: void setAccessibilityLiveRegion(android.view.View,int)
androidx.appcompat.widget.AppCompatTextView: int getLastBaselineToBottomHeight()
androidx.core.view.ViewCompat$Api17Impl: int getPaddingStart(android.view.View)
androidx.lifecycle.Lifecycle$Event: androidx.lifecycle.Lifecycle$Event[] values()
com.google.android.material.checkbox.MaterialCheckBox: java.lang.CharSequence getErrorAccessibilityLabel()
androidx.media.AudioAttributesImplBaseParcelizer: AudioAttributesImplBaseParcelizer()
androidx.constraintlayout.widget.Barrier: boolean getAllowsGoneWidget()
com.google.android.material.slider.Slider: android.content.res.ColorStateList getTrackActiveTintList()
androidx.core.widget.PopupWindowCompat$Api23Impl: boolean getOverlapAnchor(android.widget.PopupWindow)
com.google.android.material.slider.Slider: void setThumbStrokeColorResource(int)
com.google.android.material.chip.Chip: void setShowMotionSpec(com.google.android.material.animation.MotionSpec)
com.google.android.material.slider.Slider: float getStepSize()
android.support.v4.media.session.MediaSessionCompat$Callback: void onCommand(java.lang.String,android.os.Bundle,android.os.ResultReceiver)
com.google.android.material.textfield.TextInputLayout: float getBoxCornerRadiusTopStart()
android.support.v4.media.session.MediaSessionCompat$Callback: void onSetRepeatMode(int)