app/build/outputs/mapping/release/usage.txt
com.mediakeys.R$color:
    public static int background
    public static int bg_dark
    public static int neon_accent_dark
    public static int on_background
    public static int on_primary
    public static int on_surface
    public static int primary
    public static int status_active
    public static int status_error
    public static int surface
    public static int surface_dark
    public static int text_primary
    public static int text_secondary
    private void <init>()
com.mediakeys.R$drawable:
    public static int ic_gesture
    public static int ic_home
    public static int ic_launcher_background
    public static int ic_launcher_foreground
    public static int ic_settings
    public static int status_dot
    private void <init>()
com.mediakeys.R$id:
    public static int gesturesFragment
    public static int homeFragment
    public static int main_container
    public static int nav_graph
    public static int settingsFragment
    private void <init>()
com.mediakeys.R$layout:
    public static int item_gesture
    private void <init>()
com.mediakeys.R$menu
com.mediakeys.R$mipmap
com.mediakeys.R$navigation
com.mediakeys.R$string:
    public static int accessibility_guide_body
    public static int accessibility_guide_title
    public static int accessibility_service_description
    public static int accessibility_service_label
    public static int active_app_label
    public static int app_name
    public static int battery_impact_label
    public static int battery_impact_value
    public static int battery_optimization_body
    public static int battery_optimization_title
    public static int btn_clear_logs
    public static int btn_copy_logs
    public static int debug_console_title
    public static int enable_service
    public static int experimental_gestures
    public static int experimental_warning
    public static int gestures_title
    public static int nav_gestures
    public static int nav_home
    public static int nav_settings
    public static int no_media_app
    public static int open_battery_settings
    public static int open_settings
    public static int preferred_media_app_label
    public static int service_disabled
    public static int service_enabled
    public static int settings_title
    public static int setup_required
    public static int startup_on_boot
    public static int status_label
    public static int status_running
    public static int status_stopped
    public static int timing_window_label
    private void <init>()
com.mediakeys.R$style
com.mediakeys.R$xml
com.mediakeys.R
com.mediakeys.data.PreferencesManager:
    public static final java.lang.String ACTION_HOME
    public static final java.lang.String ACTION_LAUNCH
    public static final java.lang.String ACTION_NEXT
    public static final java.lang.String ACTION_PLAY_PAUSE
    public static final java.lang.String ACTION_PREV
    public static final java.lang.String APP_REVANCED_MUSIC
    public static final java.lang.String APP_SPOTIFY
    public static final java.lang.String APP_YOUTUBE_MUSIC
    private static final java.lang.String KEY_ACTION_VOL_DOWN_DOUBLE
    private static final java.lang.String KEY_ACTION_VOL_DOWN_UP
    private static final java.lang.String KEY_ACTION_VOL_UP_DOUBLE
    private static final java.lang.String KEY_ACTION_VOL_UP_DOWN
    private static final java.lang.String KEY_BOOT_START
    private static final java.lang.String KEY_DEBOUNCE
    private static final java.lang.String KEY_DOUBLE_TAP_WINDOW
    private static final java.lang.String KEY_EXPERIMENTAL
    private static final java.lang.String KEY_PREFERRED_APP
    private static final java.lang.String KEY_SEQUENCE_WINDOW
    private static final java.lang.String KEY_SERVICE_ENABLED
    private static final java.lang.String PREF_FILE
    public final int getDebounceMs()
    public final int getSequenceWindowMs()
    public final void setDebounceMs(int)
...
androidx.core.view.SoftwareKeyboardControllerCompat$Impl30:
    void hide()
    private static synthetic void lambda$hide$0(java.util.concurrent.atomic.AtomicBoolean,android.view.WindowInsetsController,int)
androidx.core.view.SoftwareKeyboardControllerCompat$Impl:
    void hide()
androidx.core.view.SoftwareKeyboardControllerCompat:
    public void hide()
androidx.core.view.TintableBackgroundView
androidx.core.view.VelocityTrackerCompat$Api34Impl
androidx.core.view.VelocityTrackerCompat$VelocityTrackableMotionEventAxis
androidx.core.view.VelocityTrackerCompat
androidx.core.view.ViewCompat$AccessibilityPaneVisibilityManager:
    private void checkPaneVisibility(android.view.View,boolean)
androidx.core.view.ViewCompat$Api15Impl:
    private void <init>()
androidx.core.view.ViewCompat$Api16Impl:
    private void <init>()
androidx.core.view.ViewCompat$Api17Impl:
    private void <init>()
androidx.core.view.ViewCompat$Api18Impl:
    private void <init>()
androidx.core.view.ViewCompat$Api19Impl:
    private void <init>()
androidx.core.view.ViewCompat$Api20Impl:
    private void <init>()
androidx.core.view.ViewCompat$Api21Impl:
    private void <init>()
androidx.core.view.ViewCompat$Api23Impl:
    private void <init>()
androidx.core.view.ViewCompat$Api24Impl:
    private void <init>()
androidx.core.view.ViewCompat$Api26Impl:
    private void <init>()
androidx.core.view.ViewCompat$Api28Impl:
    private void <init>()
androidx.core.view.ViewCompat$Api29Impl:
    private void <init>()
androidx.core.view.ViewCompat$Api30Impl:
    private void <init>()
androidx.core.view.ViewCompat$Api31Impl:
    private void <init>()
androidx.core.view.ViewCompat$FocusDirection
androidx.core.view.ViewCompat$FocusRealDirection
androidx.core.view.ViewCompat$FocusRelativeDirection
androidx.core.view.ViewCompat$NestedScrollType
androidx.core.view.ViewCompat$ScrollAxis
androidx.core.view.ViewCompat$ScrollIndicators
androidx.core.view.ViewCompat$UnhandledKeyEventManager
androidx.core.view.ViewCompat:
    public static final int ACCESSIBILITY_LIVE_REGION_ASSERTIVE
    public static final int ACCESSIBILITY_LIVE_REGION_NONE
    public static final int ACCESSIBILITY_LIVE_REGION_POLITE
    public static final int IMPORTANT_FOR_ACCESSIBILITY_AUTO
    public static final int IMPORTANT_FOR_ACCESSIBILITY_NO
    public static final int IMPORTANT_FOR_ACCESSIBILITY_NO_HIDE_DESCENDANTS
    public static final int IMPORTANT_FOR_ACCESSIBILITY_YES
    public static final int IMPORTANT_FOR_CONTENT_CAPTURE_AUTO
    public static final int IMPORTANT_FOR_CONTENT_CAPTURE_NO
    public static final int IMPORTANT_FOR_CONTENT_CAPTURE_NO_EXCLUDE_DESCENDANTS
    public static final int IMPORTANT_FOR_CONTENT_CAPTURE_YES
    public static final int IMPORTANT_FOR_CONTENT_CAPTURE_YES_EXCLUDE_DESCENDANTS
    public static final int LAYER_TYPE_HARDWARE
    public static final int LAYER_TYPE_NONE
    public static final int LAYER_TYPE_SOFTWARE
    public static final int LAYOUT_DIRECTION_INHERIT
    public static final int LAYOUT_DIRECTION_LOCALE
    public static final int LAYOUT_DIRECTION_LTR
    public static final int LAYOUT_DIRECTION_RTL
    public static final int MEASURED_HEIGHT_STATE_SHIFT
    public static final int MEASURED_SIZE_MASK
    public static final int MEASURED_STATE_MASK
    public static final int MEASURED_STATE_TOO_SMALL
    public static final int OVER_SCROLL_ALWAYS
    public static final int OVER_SCROLL_IF_CONTENT_SCROLLS
androidx.core.view.ViewConfigurationCompat$Api26Impl:
    private void <init>()
androidx.core.view.ViewConfigurationCompat$Api28Impl:
    private void <init>()
androidx.core.view.ViewConfigurationCompat$Api34Impl